[debug] [2020-04-11T18:46:49.744Z] ----------------------------------------------------------------------
[debug] [2020-04-11T18:46:49.745Z] Command:       C:\Program Files\nodejs\node.exe C:\Users\malek\AppData\Roaming\npm\node_modules\firebase-tools\lib\bin\firebase.js init functions
[debug] [2020-04-11T18:46:49.745Z] CLI Version:   7.14.0
[debug] [2020-04-11T18:46:49.746Z] Platform:      win32
[debug] [2020-04-11T18:46:49.746Z] Node Version:  v12.13.1
[debug] [2020-04-11T18:46:49.747Z] Time:          Sat Apr 11 2020 20:46:49 GMT+0200 (GMT+02:00)
[debug] [2020-04-11T18:46:49.747Z] ----------------------------------------------------------------------
[debug] [2020-04-11T18:46:49.747Z] 
[debug] [2020-04-11T18:46:49.755Z] > command requires scopes: ["email","openid","https://www.googleapis.com/auth/cloudplatformprojects.readonly","https://www.googleapis.com/auth/firebase","https://www.googleapis.com/auth/cloud-platform"]
[debug] [2020-04-11T18:46:49.755Z] > authorizing via signed-in user
[info] 
     ######## #### ########  ######## ########     ###     ######  ########
     ##        ##  ##     ## ##       ##     ##  ##   ##  ##       ##
     ######    ##  ########  ######   ########  #########  ######  ######
     ##        ##  ##    ##  ##       ##     ## ##     ##       ## ##
     ##       #### ##     ## ######## ########  ##     ##  ######  ########

You're about to initialize a Firebase project in this directory:

  C:\Users\malek\OneDrive\Bureau\UEMobileApp\ProjetFlutter

[info] 
=== Project Setup
[info] 
[info] First, let's associate this project directory with a Firebase project.
[info] You can create multiple project aliases by running firebase use --add, 
[info] but for now we'll just set up a default project.
[info] 
[debug] [2020-04-11T18:47:06.708Z] > refreshing access token with scopes: ["email","https://www.googleapis.com/auth/cloud-platform","https://www.googleapis.com/auth/cloudplatformprojects.readonly","https://www.googleapis.com/auth/firebase","openid"]
[debug] [2020-04-11T18:47:06.708Z] >>> HTTP REQUEST POST https://www.googleapis.com/oauth2/v3/token  
 <request body omitted>
[debug] [2020-04-11T18:47:07.024Z] <<< HTTP RESPONSE 200
[debug] [2020-04-11T18:47:07.035Z] >>> HTTP REQUEST GET https://firebase.googleapis.com/v1beta1/projects?pageSize=100  
 
[debug] [2020-04-11T18:47:07.321Z] <<< HTTP RESPONSE 200
[info] i  Using project ecambe-825ed (16146ecambe)
[info] 
=== Functions Setup
[info] 
[info] A functions directory will be created in your project with a Node.js
[info] package pre-configured. Functions can be deployed with firebase deploy.
[info] 
[debug] [2020-04-11T18:47:09.903Z] > command requires scopes: ["email","openid","https://www.googleapis.com/auth/cloudplatformprojects.readonly","https://www.googleapis.com/auth/firebase","https://www.googleapis.com/auth/cloud-platform"]
[debug] [2020-04-11T18:47:09.903Z] > authorizing via signed-in user
[debug] [2020-04-11T18:47:09.903Z] [iam] checking project ecambe-825ed for permissions ["firebase.projects.get"]
[debug] [2020-04-11T18:47:09.903Z] >>> HTTP REQUEST POST https://cloudresourcemanager.googleapis.com/v1/projects/ecambe-825ed:testIamPermissions  

[debug] [2020-04-11T18:47:10.702Z] <<< HTTP RESPONSE 200
[debug] [2020-04-11T18:47:10.704Z] >>> HTTP REQUEST POST https://serviceusage.googleapis.com/v1/projects/ecambe-825ed/services/cloudfunctions.googleapis.com:enable  
 
[debug] [2020-04-11T18:47:10.705Z] >>> HTTP REQUEST POST https://serviceusage.googleapis.com/v1/projects/ecambe-825ed/services/runtimeconfig.googleapis.com:enable  
 
[debug] [2020-04-11T18:47:11.734Z] <<< HTTP RESPONSE 200
[debug] [2020-04-11T18:47:11.825Z] <<< HTTP RESPONSE 200
[info] +  Wrote functions/package.json
[info] +  Wrote functions/index.js
[info] +  Wrote functions/.gitignore
